TN:
SF:src/fetcher/ApiFactory.ts
FN:9,(anonymous_0)
FN:20,(anonymous_1)
FN:39,(anonymous_2)
FN:52,(anonymous_3)
FNF:4
FNH:2
FNDA:0,(anonymous_0)
FNDA:2,(anonymous_1)
FNDA:2,(anonymous_2)
FNDA:0,(anonymous_3)
DA:1,2
DA:7,2
DA:21,2
DA:22,2
DA:23,2
DA:27,2
DA:29,2
DA:40,2
DA:42,2
DA:44,0
DA:53,0
DA:54,0
DA:56,0
DA:60,2
LF:14
LH:10
BRDA:21,0,0,2
BRDA:25,1,0,0
BRDA:25,1,1,2
BRDA:40,2,0,2
BRDA:40,2,1,0
BRDA:53,3,0,0
BRF:6
BRH:3
end_of_record
TN:
SF:src/fetcher/Fetch/FetchManager.ts
FN:8,(anonymous_7)
FN:14,(anonymous_8)
FN:25,(anonymous_9)
FN:38,(anonymous_10)
FN:56,(anonymous_12)
FN:70,(anonymous_14)
FN:85,(anonymous_16)
FN:99,(anonymous_18)
FN:113,(anonymous_20)
FNF:9
FNH:2
FNDA:2,(anonymous_7)
FNDA:2,(anonymous_8)
FNDA:0,(anonymous_9)
FNDA:0,(anonymous_10)
FNDA:0,(anonymous_12)
FNDA:0,(anonymous_14)
FNDA:0,(anonymous_16)
FNDA:0,(anonymous_18)
FNDA:0,(anonymous_20)
DA:9,2
DA:10,2
DA:15,2
DA:26,0
DA:27,0
DA:39,0
DA:40,0
DA:41,0
DA:45,0
DA:47,0
DA:48,0
DA:57,0
DA:61,0
DA:71,0
DA:76,0
DA:86,0
DA:91,0
DA:100,0
DA:104,0
DA:113,2
DA:114,0
DA:115,0
DA:117,0
DA:121,2
LF:24
LH:5
BRDA:10,0,0,2
BRDA:10,0,1,0
BRDA:29,1,0,0
BRDA:29,1,1,0
BRDA:40,2,0,0
BRF:5
BRH:1
end_of_record
TN:
SF:src/services/ApiService.ts
FN:6,(anonymous_7)
FN:11,(anonymous_9)
FN:16,(anonymous_11)
FN:21,(anonymous_13)
FN:26,(anonymous_15)
FN:31,(anonymous_17)
FN:36,(anonymous_19)
FN:41,(anonymous_21)
FN:46,(anonymous_23)
FN:51,(anonymous_25)
FN:56,(anonymous_27)
FN:61,(anonymous_29)
FNF:12
FNH:12
FNDA:2,(anonymous_7)
FNDA:2,(anonymous_9)
FNDA:2,(anonymous_11)
FNDA:2,(anonymous_13)
FNDA:2,(anonymous_15)
FNDA:2,(anonymous_17)
FNDA:2,(anonymous_19)
FNDA:2,(anonymous_21)
FNDA:2,(anonymous_23)
FNDA:2,(anonymous_25)
FNDA:2,(anonymous_27)
FNDA:2,(anonymous_29)
DA:1,2
DA:7,2
DA:8,1
DA:12,2
DA:13,1
DA:17,2
DA:18,1
DA:22,2
DA:23,1
DA:27,2
DA:28,1
DA:32,2
DA:33,1
DA:37,2
DA:38,1
DA:42,2
DA:43,1
DA:47,2
DA:48,1
DA:52,2
DA:53,1
DA:57,2
DA:58,1
DA:62,2
DA:67,2
LF:25
LH:25
BRF:0
BRH:0
end_of_record
TN:
SF:src/services/Cache.ts
FN:5,(anonymous_0)
FN:10,(anonymous_1)
FN:16,(anonymous_2)
FN:29,(anonymous_3)
FN:33,(anonymous_4)
FNF:5
FNH:5
FNDA:9,(anonymous_0)
FNDA:6,(anonymous_1)
FNDA:8,(anonymous_2)
FNDA:5,(anonymous_3)
FNDA:3,(anonymous_4)
DA:6,9
DA:7,9
DA:12,6
DA:13,6
DA:18,8
DA:19,8
DA:20,3
DA:23,5
DA:24,3
DA:25,3
DA:27,2
DA:30,5
DA:34,3
DA:38,2
LF:14
LH:14
BRDA:19,0,0,3
BRDA:23,1,0,3
BRF:2
BRH:2
end_of_record
TN:
SF:src/services/CacheDecorator.ts
FN:10,(anonymous_7)
FN:16,(anonymous_8)
FN:26,(anonymous_10)
FN:31,(anonymous_11)
FN:40,(anonymous_12)
FN:41,(anonymous_14)
FN:44,(anonymous_15)
FN:45,(anonymous_17)
FN:48,(anonymous_18)
FN:49,(anonymous_20)
FN:52,(anonymous_21)
FN:53,(anonymous_23)
FN:56,(anonymous_24)
FN:62,(anonymous_26)
FN:68,(anonymous_28)
FN:74,(anonymous_30)
FN:79,(anonymous_32)
FN:85,(anonymous_34)
FN:91,(anonymous_36)
FN:92,(anonymous_38)
FN:95,(anonymous_39)
FN:101,(anonymous_41)
FN:108,(anonymous_42)
FNF:23
FNH:23
FNDA:1,(anonymous_7)
FNDA:13,(anonymous_8)
FNDA:6,(anonymous_10)
FNDA:1,(anonymous_11)
FNDA:5,(anonymous_12)
FNDA:3,(anonymous_14)
FNDA:2,(anonymous_15)
FNDA:1,(anonymous_17)
FNDA:2,(anonymous_18)
FNDA:1,(anonymous_20)
FNDA:2,(anonymous_21)
FNDA:1,(anonymous_23)
FNDA:1,(anonymous_24)
FNDA:1,(anonymous_26)
FNDA:1,(anonymous_28)
FNDA:1,(anonymous_30)
FNDA:1,(anonymous_32)
FNDA:1,(anonymous_34)
FNDA:2,(anonymous_36)
FNDA:1,(anonymous_38)
FNDA:1,(anonymous_39)
FNDA:9,(anonymous_41)
FNDA:1,(anonymous_42)
DA:1,1
DA:3,1
DA:8,1
DA:11,1
DA:12,1
DA:17,13
DA:18,5
DA:21,8
DA:22,1
DA:25,7
DA:27,6
DA:28,6
DA:29,6
DA:32,1
DA:33,1
DA:36,7
DA:37,7
DA:41,5
DA:45,2
DA:49,2
DA:53,2
DA:57,1
DA:58,1
DA:59,1
DA:63,1
DA:64,1
DA:65,1
DA:69,1
DA:70,1
DA:71,1
DA:75,1
DA:76,1
DA:80,1
DA:81,1
DA:82,1
DA:86,1
DA:87,1
DA:88,1
DA:92,2
DA:96,1
DA:97,1
DA:102,9
DA:103,7
DA:109,1
DA:110,1
DA:114,1
LF:46
LH:46
BRDA:17,0,0,5
BRDA:21,1,0,1
BRDA:102,2,0,7
BRF:3
BRH:3
end_of_record
TN:
SF:src/services/api.ts
FN:12,(anonymous_0)
FN:26,(anonymous_1)
FNF:2
FNH:2
FNDA:2,(anonymous_0)
FNDA:2,(anonymous_1)
DA:1,2
DA:5,2
DA:7,2
DA:12,2
DA:13,2
DA:14,2
DA:17,2
DA:26,2
DA:27,2
DA:28,2
DA:33,2
DA:35,2
LF:12
LH:12
BRDA:14,0,0,0
BRDA:14,0,1,2
BRDA:29,1,0,0
BRDA:29,1,1,2
BRF:4
BRH:2
end_of_record
